<?xml version="1.0" encoding="UTF-8"?>
<!-- Generated by org.testng.reporters.JUnitReportReporter -->
<testsuite hostname="SAM" failures="0" tests="2" name="groups.GroupAttribute" time="0.143" errors="0" timestamp="2024-05-21T10:16:16 IST" skipped="0">
  <testcase classname="groups.GroupAttribute" name="creta" time="0.126"/>
  <system-out/>
  <testcase classname="groups.GroupAttribute" name="maruti" time="0.017"/>
  <system-out/>
</testsuite> <!-- groups.GroupAttribute -->
