<?xml version="1.0" encoding="UTF-8"?>
<!-- Generated by org.testng.reporters.JUnitReportReporter -->
<testsuite hostname="SAM" failures="0" tests="2" name="groups.GroupAttribute" time="0.112" errors="0" timestamp="2024-08-02T11:25:03 IST" skipped="0">
  <testcase classname="groups.GroupAttribute" name="accnture" time="0.106"/>
  <system-out/>
  <testcase classname="groups.GroupAttribute" name="infosys" time="0.006"/>
  <system-out/>
</testsuite> <!-- groups.GroupAttribute -->
