<?xml version="1.0" encoding="UTF-8"?>
<!-- Generated by org.testng.reporters.JUnitReportReporter -->
<testsuite hostname="DSBhagat" failures="0" tests="2" name="groups.GroupAttribute" time="0.012" errors="0" timestamp="2024-11-12T22:14:33 IST" skipped="0">
  <testcase classname="groups.GroupAttribute" name="creta" time="0.010"/>
  <testcase classname="groups.GroupAttribute" name="maruti" time="0.002"/>
</testsuite> <!-- groups.GroupAttribute -->
