<?xml version="1.0" encoding="UTF-8"?>
<!-- Generated by org.testng.reporters.JUnitReportReporter -->
<testsuite hostname="SAM" failures="0" tests="2" name="groups.GroupAttribute" time="0.076" errors="0" timestamp="2024-05-02T18:47:44 IST" skipped="0">
  <testcase classname="groups.GroupAttribute" name="creta" time="0.068"/>
  <system-out/>
  <testcase classname="groups.GroupAttribute" name="maruti" time="0.008"/>
  <system-out/>
</testsuite> <!-- groups.GroupAttribute -->
