<?xml version="1.0" encoding="UTF-8"?>
<!-- Generated by org.testng.reporters.JUnitReportReporter -->
<testsuite hostname="SAM" failures="0" tests="2" name="TestNGdataProvider.DataProvider3" time="40.031" errors="0" timestamp="2024-05-02T08:18:35 IST" skipped="0">
  <testcase classname="TestNGdataProvider.DataProvider3" name="SearchKeyword" time="23.244"/>
  <system-out/>
  <testcase classname="TestNGdataProvider.DataProvider3" name="SearchKeyword" time="16.787"/>
  <system-out/>
</testsuite> <!-- TestNGdataProvider.DataProvider3 -->
